Build started 8/6/2018 3:40:28 PM.
     1>Project "C:\Users\han.glschool\Desktop\cocos2dx\LearnOpenGL\LearnOpenGL_2_4\LearnOpenGL_2_4\LearnOpenGL_2_4.vcxproj" on node 2 (Rebuild target(s)).
     1>ClCompile:
         C:\Program Files (x86)\Microsoft Visual Studio 12.0\VC\bin\CL.exe /c /IC:\Users\han.glschool\Desktop\cocos2dx\LearnOpenGL\LearnOpenGL_2_4\include /ZI /nologo /W3 /WX- /Od /Oy- /D WIN32 /D _DEBUG /D _CONSOLE /D _LIB /D _UNICODE /D UNICODE /Gm /EHsc /RTC1 /MDd /GS /fp:precise /Zc:wchar_t /Zc:forScope /Yc"stdafx.h" /Fp"Debug\LearnOpenGL_2_4.pch" /Fo"Debug\\" /Fd"Debug\vc120.pdb" /Gd /TP /analyze- /errorReport:prompt stdafx.cpp
         stdafx.cpp
         C:\Program Files (x86)\Microsoft Visual Studio 12.0\VC\bin\CL.exe /c /IC:\Users\han.glschool\Desktop\cocos2dx\LearnOpenGL\LearnOpenGL_2_4\include /ZI /nologo /W3 /WX- /Od /Oy- /D WIN32 /D _DEBUG /D _CONSOLE /D _LIB /D _UNICODE /D UNICODE /Gm /EHsc /RTC1 /MDd /GS /fp:precise /Zc:wchar_t /Zc:forScope /Yu"stdafx.h" /Fp"Debug\LearnOpenGL_2_4.pch" /Fo"Debug\\" /Fd"Debug\vc120.pdb" /Gd /TP /analyze- /errorReport:prompt glad.cpp LearnOpenGL_2_4.cpp
         LearnOpenGL_2_4.cpp
         glad.cpp
         Generating Code...
       Link:
         C:\Program Files (x86)\Microsoft Visual Studio 12.0\VC\bin\link.exe /ERRORREPORT:PROMPT /OUT:"C:\Users\han.glschool\Desktop\cocos2dx\LearnOpenGL\LearnOpenGL_2_4\Debug\LearnOpenGL_2_4.exe" /INCREMENTAL /NOLOGO /LIBPATH:C:\Users\han.glschool\Desktop\cocos2dx\LearnOpenGL\LearnOpenGL_2_4\lib glfw3.lib glfw3dll.lib kernel32.lib user32.lib gdi32.lib winspool.lib comdlg32.lib advapi32.lib shell32.lib ole32.lib oleaut32.lib uuid.lib odbc32.lib odbccp32.lib /MANIFEST /MANIFESTUAC:"level='asInvoker' uiAccess='false'" /manifest:embed /DEBUG /PDB:"C:\Users\han.glschool\Desktop\cocos2dx\LearnOpenGL\LearnOpenGL_2_4\Debug\LearnOpenGL_2_4.pdb" /SUBSYSTEM:CONSOLE /TLBID:1 /DYNAMICBASE /NXCOMPAT /IMPLIB:"C:\Users\han.glschool\Desktop\cocos2dx\LearnOpenGL\LearnOpenGL_2_4\Debug\LearnOpenGL_2_4.lib" /MACHINE:X86 Debug\glad.obj
         Debug\LearnOpenGL_2_4.obj
         Debug\stdafx.obj
     1>LINK : warning LNK4098: defaultlib 'MSVCRT' conflicts with use of other libs; use /NODEFAULTLIB:library
     1>glfw3.lib(init.c.obj) : error LNK2019: unresolved external symbol __imp____stdio_common_vsprintf referenced in function __glfwInputError
     1>glfw3.lib(context.c.obj) : error LNK2019: unresolved external symbol __imp____stdio_common_vsscanf referenced in function __vsscanf_l
     1>C:\Users\han.glschool\Desktop\cocos2dx\LearnOpenGL\LearnOpenGL_2_4\Debug\LearnOpenGL_2_4.exe : fatal error LNK1120: 2 unresolved externals
     1>Done Building Project "C:\Users\han.glschool\Desktop\cocos2dx\LearnOpenGL\LearnOpenGL_2_4\LearnOpenGL_2_4\LearnOpenGL_2_4.vcxproj" (Rebuild target(s)) -- FAILED.

Build FAILED.

Time Elapsed 00:00:00.87
